<?xml version="1.0" encoding="UTF-8" ?>
<testsuites>
  <testsuite errors="0" failures="3" hostname="DESKTOP-1N37P4B" id="0" name="Engenheiros" package="" tests="4" time="1.991" timestamp="2016-11-08T03:26:48">
      <properties />

      <testcase classname="grails.plugin.cucumber.CucumberTest" name="Adicionar engenheiro nao existente" time="0.932" />

      <testcase classname="grails.plugin.cucumber.CucumberTest" name="Adicionar um engenheiro existente" time="0.178">
          <failure message="assert engenheiro != null&#xa;       |          |&#xa;       null       false" type="grails.plugin.cucumber.FakeAssertionFailedError">Assertion failed: 

assert engenheiro != null
       |          |
       null       false

	at EngenheiroSteps$_run_closure4.doCall(EngenheiroSteps.groovy:47)
	at ✽.Given que o sistema tem um engenheiro de CPF &quot;1234567812&quot;(Engenheiro.feature:13)
</failure>

      </testcase>

      <testcase classname="grails.plugin.cucumber.CucumberTest" name="Novo engenheiro" time="0.168">
          <failure message="Undefined Step: Given que eu estou no menu “Engenheiro”" type="grails.plugin.cucumber.FakeAssertionFailedError">cucumber.runtime.UndefinedStepException: Undefined Step: Given que eu estou no menu “Engenheiro”
	at grails.plugin.cucumber.CucumberFormatter.resultUndefined(CucumberFormatter.groovy:250)
	at grails.plugin.cucumber.CucumberFormatter.result(CucumberFormatter.groovy:215)
	at cucumber.runtime.Utils$1.call(Utils.java:37)
	at cucumber.runtime.Timeout.timeout(Timeout.java:13)
	at cucumber.runtime.Utils.invoke(Utils.java:31)
	at cucumber.runtime.RuntimeOptions$1.invoke(RuntimeOptions.java:243)
	at cucumber.runtime.Runtime.runStep(Runtime.java:280)
	at cucumber.runtime.model.StepContainer.runStep(StepContainer.java:44)
	at cucumber.runtime.model.StepContainer.runSteps(StepContainer.java:39)
	at cucumber.runtime.model.CucumberScenario.run(CucumberScenario.java:48)
	at cucumber.runtime.model.CucumberFeature.run(CucumberFeature.java:163)
	at grails.plugin.cucumber.Cucumber$_run_closure2.doCall(Cucumber.groovy:59)
	at grails.plugin.cucumber.Cucumber.run(Cucumber.groovy:58)
	at grails.plugin.cucumber.CucumberTestType.runFeatures(CucumberTestType.groovy:148)
	at grails.plugin.cucumber.CucumberTestType.doRun(CucumberTestType.groovy:58)
</failure>

          <failure message="Undefined Step: And não existe nenhum engenheiro com o nome “Anderson” com o CPF “102.102.152-15”" type="grails.plugin.cucumber.FakeAssertionFailedError">cucumber.runtime.UndefinedStepException: Undefined Step: And não existe nenhum engenheiro com o nome “Anderson” com o CPF “102.102.152-15”
	at grails.plugin.cucumber.CucumberFormatter.resultUndefined(CucumberFormatter.groovy:250)
	at grails.plugin.cucumber.CucumberFormatter.result(CucumberFormatter.groovy:215)
	at cucumber.runtime.Utils$1.call(Utils.java:37)
	at cucumber.runtime.Timeout.timeout(Timeout.java:13)
	at cucumber.runtime.Utils.invoke(Utils.java:31)
	at cucumber.runtime.RuntimeOptions$1.invoke(RuntimeOptions.java:243)
	at cucumber.runtime.Runtime.runStep(Runtime.java:280)
	at cucumber.runtime.model.StepContainer.runStep(StepContainer.java:44)
	at cucumber.runtime.model.StepContainer.runSteps(StepContainer.java:39)
	at cucumber.runtime.model.CucumberScenario.run(CucumberScenario.java:48)
	at cucumber.runtime.model.CucumberFeature.run(CucumberFeature.java:163)
	at grails.plugin.cucumber.Cucumber$_run_closure2.doCall(Cucumber.groovy:59)
	at grails.plugin.cucumber.Cucumber.run(Cucumber.groovy:58)
	at grails.plugin.cucumber.CucumberTestType.runFeatures(CucumberTestType.groovy:148)
	at grails.plugin.cucumber.CucumberTestType.doRun(CucumberTestType.groovy:58)
</failure>

          <failure message="Undefined Step: When eu seleciono a opção “Cadastrar”" type="grails.plugin.cucumber.FakeAssertionFailedError">cucumber.runtime.UndefinedStepException: Undefined Step: When eu seleciono a opção “Cadastrar”
	at grails.plugin.cucumber.CucumberFormatter.resultUndefined(CucumberFormatter.groovy:250)
	at grails.plugin.cucumber.CucumberFormatter.result(CucumberFormatter.groovy:215)
	at cucumber.runtime.Utils$1.call(Utils.java:37)
	at cucumber.runtime.Timeout.timeout(Timeout.java:13)
	at cucumber.runtime.Utils.invoke(Utils.java:31)
	at cucumber.runtime.RuntimeOptions$1.invoke(RuntimeOptions.java:243)
	at cucumber.runtime.Runtime.runStep(Runtime.java:280)
	at cucumber.runtime.model.StepContainer.runStep(StepContainer.java:44)
	at cucumber.runtime.model.StepContainer.runSteps(StepContainer.java:39)
	at cucumber.runtime.model.CucumberScenario.run(CucumberScenario.java:48)
	at cucumber.runtime.model.CucumberFeature.run(CucumberFeature.java:163)
	at grails.plugin.cucumber.Cucumber$_run_closure2.doCall(Cucumber.groovy:59)
	at grails.plugin.cucumber.Cucumber.run(Cucumber.groovy:58)
	at grails.plugin.cucumber.CucumberTestType.runFeatures(CucumberTestType.groovy:148)
	at grails.plugin.cucumber.CucumberTestType.doRun(CucumberTestType.groovy:58)
</failure>

          <failure message="Undefined Step: And eu tento cadastrar o Engenheiro “Anderson” com CPF “102.102.152-15” e seleciono “Salvar”" type="grails.plugin.cucumber.FakeAssertionFailedError">cucumber.runtime.UndefinedStepException: Undefined Step: And eu tento cadastrar o Engenheiro “Anderson” com CPF “102.102.152-15” e seleciono “Salvar”
	at grails.plugin.cucumber.CucumberFormatter.resultUndefined(CucumberFormatter.groovy:250)
	at grails.plugin.cucumber.CucumberFormatter.result(CucumberFormatter.groovy:215)
	at cucumber.runtime.Utils$1.call(Utils.java:37)
	at cucumber.runtime.Timeout.timeout(Timeout.java:13)
	at cucumber.runtime.Utils.invoke(Utils.java:31)
	at cucumber.runtime.RuntimeOptions$1.invoke(RuntimeOptions.java:243)
	at cucumber.runtime.Runtime.runStep(Runtime.java:280)
	at cucumber.runtime.model.StepContainer.runStep(StepContainer.java:44)
	at cucumber.runtime.model.StepContainer.runSteps(StepContainer.java:39)
	at cucumber.runtime.model.CucumberScenario.run(CucumberScenario.java:48)
	at cucumber.runtime.model.CucumberFeature.run(CucumberFeature.java:163)
	at grails.plugin.cucumber.Cucumber$_run_closure2.doCall(Cucumber.groovy:59)
	at grails.plugin.cucumber.Cucumber.run(Cucumber.groovy:58)
	at grails.plugin.cucumber.CucumberTestType.runFeatures(CucumberTestType.groovy:148)
	at grails.plugin.cucumber.CucumberTestType.doRun(CucumberTestType.groovy:58)
</failure>

          <failure message="Undefined Step: Then eu recebo a mensagem de confirmação" type="grails.plugin.cucumber.FakeAssertionFailedError">cucumber.runtime.UndefinedStepException: Undefined Step: Then eu recebo a mensagem de confirmação
	at grails.plugin.cucumber.CucumberFormatter.resultUndefined(CucumberFormatter.groovy:250)
	at grails.plugin.cucumber.CucumberFormatter.result(CucumberFormatter.groovy:215)
	at cucumber.runtime.Utils$1.call(Utils.java:37)
	at cucumber.runtime.Timeout.timeout(Timeout.java:13)
	at cucumber.runtime.Utils.invoke(Utils.java:31)
	at cucumber.runtime.RuntimeOptions$1.invoke(RuntimeOptions.java:243)
	at cucumber.runtime.Runtime.runStep(Runtime.java:280)
	at cucumber.runtime.model.StepContainer.runStep(StepContainer.java:44)
	at cucumber.runtime.model.StepContainer.runSteps(StepContainer.java:39)
	at cucumber.runtime.model.CucumberScenario.run(CucumberScenario.java:48)
	at cucumber.runtime.model.CucumberFeature.run(CucumberFeature.java:163)
	at grails.plugin.cucumber.Cucumber$_run_closure2.doCall(Cucumber.groovy:59)
	at grails.plugin.cucumber.Cucumber.run(Cucumber.groovy:58)
	at grails.plugin.cucumber.CucumberTestType.runFeatures(CucumberTestType.groovy:148)
	at grails.plugin.cucumber.CucumberTestType.doRun(CucumberTestType.groovy:58)
</failure>

          <failure message="Undefined Step: And Consigo ver as informações do engenheiro cadastrado" type="grails.plugin.cucumber.FakeAssertionFailedError">cucumber.runtime.UndefinedStepException: Undefined Step: And Consigo ver as informações do engenheiro cadastrado
	at grails.plugin.cucumber.CucumberFormatter.resultUndefined(CucumberFormatter.groovy:250)
	at grails.plugin.cucumber.CucumberFormatter.result(CucumberFormatter.groovy:215)
	at cucumber.runtime.Utils$1.call(Utils.java:37)
	at cucumber.runtime.Timeout.timeout(Timeout.java:13)
	at cucumber.runtime.Utils.invoke(Utils.java:31)
	at cucumber.runtime.RuntimeOptions$1.invoke(RuntimeOptions.java:243)
	at cucumber.runtime.Runtime.runStep(Runtime.java:280)
	at cucumber.runtime.model.StepContainer.runStep(StepContainer.java:44)
	at cucumber.runtime.model.StepContainer.runSteps(StepContainer.java:39)
	at cucumber.runtime.model.CucumberScenario.run(CucumberScenario.java:48)
	at cucumber.runtime.model.CucumberFeature.run(CucumberFeature.java:163)
	at grails.plugin.cucumber.Cucumber$_run_closure2.doCall(Cucumber.groovy:59)
	at grails.plugin.cucumber.Cucumber.run(Cucumber.groovy:58)
	at grails.plugin.cucumber.CucumberTestType.runFeatures(CucumberTestType.groovy:148)
	at grails.plugin.cucumber.CucumberTestType.doRun(CucumberTestType.groovy:58)
</failure>

      </testcase>

      <testcase classname="grails.plugin.cucumber.CucumberTest" name="Editar informações de um engenheiro" time="0.019">
          <failure message="Undefined Step: Given que o usuário esta na tela de atualizar engenheiro visualizando o engeheiro “Eduardo” com cpf “01234567890”" type="grails.plugin.cucumber.FakeAssertionFailedError">cucumber.runtime.UndefinedStepException: Undefined Step: Given que o usuário esta na tela de atualizar engenheiro visualizando o engeheiro “Eduardo” com cpf “01234567890”
	at grails.plugin.cucumber.CucumberFormatter.resultUndefined(CucumberFormatter.groovy:250)
	at grails.plugin.cucumber.CucumberFormatter.result(CucumberFormatter.groovy:215)
	at cucumber.runtime.Utils$1.call(Utils.java:37)
	at cucumber.runtime.Timeout.timeout(Timeout.java:13)
	at cucumber.runtime.Utils.invoke(Utils.java:31)
	at cucumber.runtime.RuntimeOptions$1.invoke(RuntimeOptions.java:243)
	at cucumber.runtime.Runtime.runStep(Runtime.java:280)
	at cucumber.runtime.model.StepContainer.runStep(StepContainer.java:44)
	at cucumber.runtime.model.StepContainer.runSteps(StepContainer.java:39)
	at cucumber.runtime.model.CucumberScenario.run(CucumberScenario.java:48)
	at cucumber.runtime.model.CucumberFeature.run(CucumberFeature.java:163)
	at grails.plugin.cucumber.Cucumber$_run_closure2.doCall(Cucumber.groovy:59)
	at grails.plugin.cucumber.Cucumber.run(Cucumber.groovy:58)
	at grails.plugin.cucumber.CucumberTestType.runFeatures(CucumberTestType.groovy:148)
	at grails.plugin.cucumber.CucumberTestType.doRun(CucumberTestType.groovy:58)
</failure>

          <failure message="Undefined Step: When ao  tentar atualizar os dados do engenheiro “Eduardo” com cpf “01234567890”" type="grails.plugin.cucumber.FakeAssertionFailedError">cucumber.runtime.UndefinedStepException: Undefined Step: When ao  tentar atualizar os dados do engenheiro “Eduardo” com cpf “01234567890”
	at grails.plugin.cucumber.CucumberFormatter.resultUndefined(CucumberFormatter.groovy:250)
	at grails.plugin.cucumber.CucumberFormatter.result(CucumberFormatter.groovy:215)
	at cucumber.runtime.Utils$1.call(Utils.java:37)
	at cucumber.runtime.Timeout.timeout(Timeout.java:13)
	at cucumber.runtime.Utils.invoke(Utils.java:31)
	at cucumber.runtime.RuntimeOptions$1.invoke(RuntimeOptions.java:243)
	at cucumber.runtime.Runtime.runStep(Runtime.java:280)
	at cucumber.runtime.model.StepContainer.runStep(StepContainer.java:44)
	at cucumber.runtime.model.StepContainer.runSteps(StepContainer.java:39)
	at cucumber.runtime.model.CucumberScenario.run(CucumberScenario.java:48)
	at cucumber.runtime.model.CucumberFeature.run(CucumberFeature.java:163)
	at grails.plugin.cucumber.Cucumber$_run_closure2.doCall(Cucumber.groovy:59)
	at grails.plugin.cucumber.Cucumber.run(Cucumber.groovy:58)
	at grails.plugin.cucumber.CucumberTestType.runFeatures(CucumberTestType.groovy:148)
	at grails.plugin.cucumber.CucumberTestType.doRun(CucumberTestType.groovy:58)
</failure>

          <failure message="Undefined Step: Then eu recebo a mensagem de confirmação" type="grails.plugin.cucumber.FakeAssertionFailedError">cucumber.runtime.UndefinedStepException: Undefined Step: Then eu recebo a mensagem de confirmação
	at grails.plugin.cucumber.CucumberFormatter.resultUndefined(CucumberFormatter.groovy:250)
	at grails.plugin.cucumber.CucumberFormatter.result(CucumberFormatter.groovy:215)
	at cucumber.runtime.Utils$1.call(Utils.java:37)
	at cucumber.runtime.Timeout.timeout(Timeout.java:13)
	at cucumber.runtime.Utils.invoke(Utils.java:31)
	at cucumber.runtime.RuntimeOptions$1.invoke(RuntimeOptions.java:243)
	at cucumber.runtime.Runtime.runStep(Runtime.java:280)
	at cucumber.runtime.model.StepContainer.runStep(StepContainer.java:44)
	at cucumber.runtime.model.StepContainer.runSteps(StepContainer.java:39)
	at cucumber.runtime.model.CucumberScenario.run(CucumberScenario.java:48)
	at cucumber.runtime.model.CucumberFeature.run(CucumberFeature.java:163)
	at grails.plugin.cucumber.Cucumber$_run_closure2.doCall(Cucumber.groovy:59)
	at grails.plugin.cucumber.Cucumber.run(Cucumber.groovy:58)
	at grails.plugin.cucumber.CucumberTestType.runFeatures(CucumberTestType.groovy:148)
	at grails.plugin.cucumber.CucumberTestType.doRun(CucumberTestType.groovy:58)
</failure>

          <failure message="Undefined Step: And Consigo ver as novas informações do engenheiro cadastrado" type="grails.plugin.cucumber.FakeAssertionFailedError">cucumber.runtime.UndefinedStepException: Undefined Step: And Consigo ver as novas informações do engenheiro cadastrado
	at grails.plugin.cucumber.CucumberFormatter.resultUndefined(CucumberFormatter.groovy:250)
	at grails.plugin.cucumber.CucumberFormatter.result(CucumberFormatter.groovy:215)
	at cucumber.runtime.Utils$1.call(Utils.java:37)
	at cucumber.runtime.Timeout.timeout(Timeout.java:13)
	at cucumber.runtime.Utils.invoke(Utils.java:31)
	at cucumber.runtime.RuntimeOptions$1.invoke(RuntimeOptions.java:243)
	at cucumber.runtime.Runtime.runStep(Runtime.java:280)
	at cucumber.runtime.model.StepContainer.runStep(StepContainer.java:44)
	at cucumber.runtime.model.StepContainer.runSteps(StepContainer.java:39)
	at cucumber.runtime.model.CucumberScenario.run(CucumberScenario.java:48)
	at cucumber.runtime.model.CucumberFeature.run(CucumberFeature.java:163)
	at grails.plugin.cucumber.Cucumber$_run_closure2.doCall(Cucumber.groovy:59)
	at grails.plugin.cucumber.Cucumber.run(Cucumber.groovy:58)
	at grails.plugin.cucumber.CucumberTestType.runFeatures(CucumberTestType.groovy:148)
	at grails.plugin.cucumber.CucumberTestType.doRun(CucumberTestType.groovy:58)
</failure>

      </testcase>

      <system-out><![CDATA[Feature: Engenheiros
  As a usuário do sistema
  I want to adicionar, remover, modificar e visualizar engenheiros no sistema
  So That eu posso gerar páginas web para exibir informações sobre do engenheiro

--Output from Adicionar engenheiro nao existente--
--Output from Adicionar um engenheiro existente--
  #CONTROLLER
  Scenario: Adicionar engenheiro nao existente                     # Engenheiro.feature:7
    Given que o sistema nao tem um engenheiro com CPF "1234567812" # EngenheiroSteps.groovy:19
    When eu tentar cadastrar um engenheiro com CPF "1234567812"    # EngenheiroSteps.groovy:24
    Then o sistema ira cadastrar o engenheiro de CPF "1234567812"  # EngenheiroSteps.groovy:28

--Output from Novo engenheiro--
  Scenario: Adicionar um engenheiro existente                         # Engenheiro.feature:12
    Given que o sistema tem um engenheiro de CPF "1234567812"         # EngenheiroSteps.groovy:43
      Assertion failed: 
      
      assert engenheiro != null
             |          |
             null       false
      
      	at EngenheiroSteps$_run_closure4.doCall(EngenheiroSteps.groovy:47)
      	at ✽.Given que o sistema tem um engenheiro de CPF "1234567812"(Engenheiro.feature:13)

    Then o sistema nao ira cadastrar o engenheiro de CPF "1234567812" # EngenheiroSteps.groovy:50

--Output from Editar informações de um engenheiro--
  #Gui
  Scenario: Novo engenheiro                                                                      # Engenheiro.feature:17
    Given que eu estou no menu “Engenheiro”
    And não existe nenhum engenheiro com o nome “Anderson” com o CPF “102.102.152-15”
    When eu seleciono a opção “Cadastrar”
    And eu tento cadastrar o Engenheiro “Anderson” com CPF “102.102.152-15” e seleciono “Salvar”
    Then eu recebo a mensagem de confirmação
    And Consigo ver as informações do engenheiro cadastrado

  Scenario: Editar informações de um engenheiro                                                                       # Engenheiro.feature:25
    Given que o usuário esta na tela de atualizar engenheiro visualizando o engeheiro “Eduardo” com cpf “01234567890”
    When ao  tentar atualizar os dados do engenheiro “Eduardo” com cpf “01234567890”
    Then eu recebo a mensagem de confirmação
    And Consigo ver as novas informações do engenheiro cadastrado
]]></system-out>

      <system-err><![CDATA[
--Output from Adicionar engenheiro nao existente--
--Output from Adicionar um engenheiro existente--
--Output from Novo engenheiro--
--Output from Editar informações de um engenheiro--]]></system-err>

  </testsuite>
  <testsuite errors="1" failures="0" hostname="DESKTOP-1N37P4B" id="1" name="Obra" package="" tests="14" time="3.804" timestamp="2016-11-08T03:26:50">
      <properties />

      <testcase classname="grails.plugin.cucumber.CucumberTest" name="Adicionar obra nao existente" time="0.751" />

      <testcase classname="grails.plugin.cucumber.CucumberTest" name="Buscar percentual de obras atrasadas" time="0.246" />

      <testcase classname="grails.plugin.cucumber.CucumberTest" name="Buscar percentual de obras com orcamento estourado" time="0.21" />

      <testcase classname="grails.plugin.cucumber.CucumberTest" name="Adicionar obra existente" time="0.329" />

      <testcase classname="grails.plugin.cucumber.CucumberTest" name="Atualizar obra" time="0.274" />

      <testcase classname="grails.plugin.cucumber.CucumberTest" name="Remover obra existente" time="0.308" />

      <testcase classname="grails.plugin.cucumber.CucumberTest" name="Verificar status andamento obra" time="0.276" />

      <testcase classname="grails.plugin.cucumber.CucumberTest" name="Adicionar obra com data de termino anterior a data de início" time="0.216" />

      <testcase classname="grails.plugin.cucumber.CucumberTest" name="Adicionar obra com data de termino anterior a data corrente" time="0.171" />

      <testcase classname="grails.plugin.cucumber.CucumberTest" name="Atualizar nome de obra com nome já existente" time="0.154" />

      <testcase classname="grails.plugin.cucumber.CucumberTest" name="Adicionar obra de um politico inexistente" time="0.18" />

      <testcase classname="grails.plugin.cucumber.CucumberTest" name="Devolver a taxa de obras atrasadas de um determinado político" time="0.152" />

      <testcase classname="grails.plugin.cucumber.CucumberTest" name="Devolver a taxa de obras com orçamentos estourados de um determinado político" time="0.132" />

      <testcase classname="grails.plugin.cucumber.CucumberTest" name="Visualizar obra" time="0.239">
          <error message="failed to create driver from callback &apos;script14785756140251314453061$_run_closure1@3784437c&apos;" type="geb.driver.DriverCreationException">geb.driver.DriverCreationException: failed to create driver from callback &apos;script14785756140251314453061$_run_closure1@3784437c&apos;
	at geb.driver.CallbackDriverFactory.getDriver(CallbackDriverFactory.groovy:35)
	at geb.driver.CachingDriverFactory$_getDriver_closure3.doCall(CachingDriverFactory.groovy:80)
	at geb.driver.CachingDriverFactory$SimpleCache.get(CachingDriverFactory.groovy:30)
	at geb.driver.CachingDriverFactory.getDriver(CachingDriverFactory.groovy:79)
	at geb.Configuration.createDriver(Configuration.groovy:354)
	at geb.Configuration.getDriver(Configuration.groovy:343)
	at geb.Browser.getDriver(Browser.groovy:105)
	at geb.Browser.go(Browser.groovy:394)
	at geb.Page.to(Page.groovy:184)
	at geb.Browser.via(Browser.groovy:475)
	at geb.Browser.to(Browser.groovy:434)
	at geb.Browser.to(Browser.groovy:412)
	at geb.binding.BindingUpdater$InvocationForwarding.doCall(BindingUpdater.groovy:72)
	at ObraSteps$_run_closure12.doCall(ObraSteps.groovy:118)
	at ✽.Given que o usuario esta no menu de obras e quer visualizar os detalhes da obra &quot;Praca do arsenal&quot;(Obra.feature:81)
Caused by: java.lang.IllegalStateException: The driver executable does not exist: C:\Users\Preto\Desktop\ObrasPublicas\chromedrivers\chromedrivermac
	at com.google.common.base.Preconditions.checkState(Preconditions.java:177)
	at org.openqa.selenium.remote.service.DriverService.checkExecutable(DriverService.java:117)
	at org.openqa.selenium.remote.service.DriverService.findExecutable(DriverService.java:112)
	at org.openqa.selenium.chrome.ChromeDriverService.createDefaultService(ChromeDriverService.java:75)
	at org.openqa.selenium.chrome.ChromeDriver.&lt;init&gt;(ChromeDriver.java:107)
	at script14785756140251314453061$_run_closure1.doCall(script14785756140251314453061.groovy:8)
	at geb.driver.CallbackDriverFactory.getDriver(CallbackDriverFactory.groovy:29)
	at geb.driver.CachingDriverFactory$_getDriver_closure3.doCall(CachingDriverFactory.groovy:80)
	at geb.driver.CachingDriverFactory$SimpleCache.get(CachingDriverFactory.groovy:30)
	at geb.driver.CachingDriverFactory.getDriver(CachingDriverFactory.groovy:79)
	at geb.Configuration.createDriver(Configuration.groovy:354)
	at geb.Configuration.getDriver(Configuration.groovy:343)
	at geb.Browser.getDriver(Browser.groovy:105)
	at geb.Browser.go(Browser.groovy:394)
	at geb.Page.to(Page.groovy:184)
	at geb.Browser.via(Browser.groovy:475)
	at geb.Browser.to(Browser.groovy:434)
	at geb.Browser.to(Browser.groovy:412)
	at geb.binding.BindingUpdater$InvocationForwarding.doCall(BindingUpdater.groovy:72)
	at ObraSteps$_run_closure12.doCall(ObraSteps.groovy:118)
	at cucumber.runtime.groovy.GroovyBackend.invoke(GroovyBackend.java:155)
	at cucumber.runtime.groovy.GroovyStepDefinition$1.call(GroovyStepDefinition.java:71)
	at cucumber.runtime.Timeout.timeout(Timeout.java:13)
	at cucumber.runtime.groovy.GroovyStepDefinition.execute(GroovyStepDefinition.java:68)
	at cucumber.runtime.StepDefinitionMatch.runStep(StepDefinitionMatch.java:37)
	at cucumber.runtime.Runtime.runStep(Runtime.java:298)
	at cucumber.runtime.model.StepContainer.runStep(StepContainer.java:44)
	at cucumber.runtime.model.StepContainer.runSteps(StepContainer.java:39)
	at cucumber.runtime.model.CucumberScenario.run(CucumberScenario.java:48)
	at cucumber.runtime.model.CucumberFeature.run(CucumberFeature.java:163)
	at grails.plugin.cucumber.Cucumber$_run_closure2.doCall(Cucumber.groovy:59)
	at grails.plugin.cucumber.Cucumber.run(Cucumber.groovy:58)
	at grails.plugin.cucumber.CucumberTestType.runFeatures(CucumberTestType.groovy:148)
	at grails.plugin.cucumber.CucumberTestType.doRun(CucumberTestType.groovy:58)
	at _GrailsTest$_run_closure1.doCall(_GrailsTest.groovy:102)
	at TestApp$_run_closure1.doCall(TestApp.groovy:32)
</error>

      </testcase>

      <system-out><![CDATA[Feature: Obra
  As a usuario do sistema
  I want to adicionar, remover, modificar e visualizar obras no sistema
  So That eu posso gerar paginas web para exibir informacoes sobre a obra

--Output from Adicionar obra nao existente--
--Output from Buscar percentual de obras atrasadas--
  #CONTROLLER
  Scenario: Adicionar obra nao existente                            # Obra.feature:7
    Given que o sistema nao tem uma obra chamada "Praca do arsenal" # ObraSteps.groovy:21
    When eu tentar cadastrar uma obra com o nome "Praca do arsenal" # ObraSteps.groovy:28
    Then o sistema ira cadastrar a obra de nome "Praca do arsenal"  # ObraSteps.groovy:33

--Output from Buscar percentual de obras com orcamento estourado--
  Scenario: Buscar percentual de obras atrasadas        # Obra.feature:12
    Given que o sistema tem uma lista de "4" Obras      # ObraSteps.groovy:67
    And o sistema tem "3" obra atrasada                 # ObraSteps.groovy:73
    Then o percentual de atrasos sera de "75" por cento # ObraSteps.groovy:79

--Output from Adicionar obra existente--
  Scenario: Buscar percentual de obras com orcamento estourado         # Obra.feature:17
    Given que o sistema tem uma lista de "4" Obras com seus orcamentos # ObraSteps.groovy:90
    And o sistema tem "3" obra com orcamento estourado                 # ObraSteps.groovy:96
    Then o percentual de orcamento estourado sera de "75" por cento    # ObraSteps.groovy:102

--Output from Atualizar obra--
  Scenario: Adicionar obra existente                                   # Obra.feature:22
    Given que o sistema tem uma obra chamada "Praca do arsenal"        # ObraSteps.groovy:47
    When eu tentar cadastrar uma obra com o nome "Praca do arsenal"    # ObraSteps.groovy:28
    Then o sistema nao ira cadastrar a obra de nome "Praca do arsenal" # ObraSteps.groovy:54

--Output from Remover obra existente--
  Scenario: Atualizar obra                                                  # Obra.feature:27
    Given que o sistema tem uma obra chamada "Praca do arsenal"             # ObraSteps.groovy:47
    When eu tentar atualizar os dados da obra com o nome "Praca do arsenal" # ObraSteps.groovy:142
    Then o sistema atualiza a obra com o nome "Praca do arsenal"            # ObraSteps.groovy:146

--Output from Verificar status andamento obra--
  Scenario: Remover obra existente                                # Obra.feature:32
    Given que o sistema tem uma obra chamada "Praca do arsenal"   # ObraSteps.groovy:47
    When eu tentar remover a obra com o nome "Praca do arsenal"   # ObraSteps.groovy:271
    Then o sistema ira remover a obra com nome "Praca do arsenal" # ObraSteps.groovy:276

--Output from Adicionar obra com data de termino anterior a data de início--
  Scenario: Verificar status andamento obra                                                                   # Obra.feature:37
    Given que o sistema tem uma obra chamada "Praca do arsenal" que esta atrasada mas esta com status "emDia" # ObraSteps.groovy:288
    When eu tentar verificar o status da obra com o nome "Praca do arsenal"                                   # ObraSteps.groovy:295
    Then o sistema ira atualizar obra com nome "Praca do arsenal" para "atrasada"                             # ObraSteps.groovy:300

--Output from Adicionar obra com data de termino anterior a data corrente--
  Scenario: Adicionar obra com data de termino anterior a data de início         # Obra.feature:42
    Given que o sistema nao tem uma obra chamada "Praca do arsenal"              # ObraSteps.groovy:21
    When eu tentar cadastrar uma obra com o nome "Praca do arsenal"              # ObraSteps.groovy:28
    And insiro a data inicial "12 October 2017" e a data final "12 October 2013" # ObraSteps.groovy:160
    Then o sistema nao ira cadastrar a obra de nome "Praca do arsenal"           # ObraSteps.groovy:54

--Output from Atualizar nome de obra com nome já existente--
  Scenario: Adicionar obra com data de termino anterior a data corrente # Obra.feature:48
    Given que o sistema nao tem uma obra chamada "Praca do arsenal"     # ObraSteps.groovy:21
    When eu tentar cadastrar uma obra com o nome "Praca do arsenal"     # ObraSteps.groovy:28
    And insiro a data final "12 October 2013"                           # ObraSteps.groovy:172
    Then o sistema nao ira cadastrar a obra de nome "Praca do arsenal"  # ObraSteps.groovy:54

--Output from Adicionar obra de um politico inexistente--
  Scenario: Atualizar nome de obra com nome já existente                                   # Obra.feature:54
    Given que o sistema tem uma obra chamada "Praca do arsenal"                            # ObraSteps.groovy:47
    And tem uma obra com o nome "Ilha do Retiro"                                           # ObraSteps.groovy:185
    When eu tentar atualizar o nome da obra "Praca do arsenal" com o nome "Ilha do Retiro" # ObraSteps.groovy:190
    Then o sistema não atualiza a obra com o novo nome "Ilha do Retiro"                    # ObraSteps.groovy:195

--Output from Devolver a taxa de obras atrasadas de um determinado político--
  Scenario: Adicionar obra de um politico inexistente                  # Obra.feature:60
    Given que o sistema nao tem uma obra chamada "Praca do arsenal"    # ObraSteps.groovy:21
    And não existe um politico com o cpf "11122233344"                 # ObraSteps.groovy:208
    When eu tentar cadastrar uma obra com o nome "Praca do arsenal"    # ObraSteps.groovy:28
    Then o sistema nao ira cadastrar a obra de nome "Praca do arsenal" # ObraSteps.groovy:54

--Output from Devolver a taxa de obras com orçamentos estourados de um determinado político--
  Scenario: Devolver a taxa de obras atrasadas de um determinado político                            # Obra.feature:66
    Given que o sistema tem um politico com o cpf "98765432109"                                      # ObraSteps.groovy:222
    And o sistema tem "2" obras associada ao politico com o cpf "98765432109"                        # ObraSteps.groovy:228
    And o sistema tem "1" obra atrasada associada ao politico com o cpf "98765432109"                # ObraSteps.groovy:233
    Then o percentual de obras atrasadas para o politico com o cpf "98765432109" é de "50" por cento # ObraSteps.groovy:238

--Output from Visualizar obra--
  Scenario: Devolver a taxa de obras com orçamentos estourados de um determinado político                          # Obra.feature:72
    Given que o sistema tem um politico com o cpf "98765432109"                                                    # ObraSteps.groovy:222
    And o sistema tem "2" obras associada ao politico com o cpf "98765432109"                                      # ObraSteps.groovy:228
    And o sistema tem "1" obra com orçamento estourado associada ao politico com o cpf "98765432109"               # ObraSteps.groovy:251
    Then o percentual de obras com orcamento estourado para o politico com o cpf "98765432109" é de "50" por cento # ObraSteps.groovy:256

  #GUI
  Scenario: Visualizar obra                                                                            # Obra.feature:80
    Given que o usuario esta no menu de obras e quer visualizar os detalhes da obra "Praca do arsenal" # ObraSteps.groovy:115
      geb.driver.DriverCreationException: failed to create driver from callback 'script14785756140251314453061$_run_closure1@3784437c'
      	at geb.driver.CallbackDriverFactory.getDriver(CallbackDriverFactory.groovy:35)
      	at geb.driver.CachingDriverFactory$_getDriver_closure3.doCall(CachingDriverFactory.groovy:80)
      	at geb.driver.CachingDriverFactory$_getDriver_closure3.doCall(CachingDriverFactory.groovy)
      	at geb.driver.CachingDriverFactory$SimpleCache.get(CachingDriverFactory.groovy:30)
      	at geb.driver.CachingDriverFactory.getDriver(CachingDriverFactory.groovy:79)
      	at geb.Configuration.createDriver(Configuration.groovy:354)
      	at geb.Configuration.getDriver(Configuration.groovy:343)
      	at geb.Browser.getDriver(Browser.groovy:105)
      	at geb.Browser.go(Browser.groovy:394)
      	at geb.Browser$go$3.call(Unknown Source)
      	at geb.Page.to(Page.groovy:184)
      	at geb.Browser.via(Browser.groovy:475)
      	at geb.Browser$via$2.callCurrent(Unknown Source)
      	at geb.Browser.to(Browser.groovy:434)
      	at geb.Browser$to$1.callCurrent(Unknown Source)
      	at geb.Browser.to(Browser.groovy:412)
      	at geb.binding.BindingUpdater$InvocationForwarding.doCall(BindingUpdater.groovy:72)
      	at ObraSteps$_run_closure12.doCall(ObraSteps.groovy:118)
      	at ✽.Given que o usuario esta no menu de obras e quer visualizar os detalhes da obra "Praca do arsenal"(Obra.feature:81)
      Caused by: java.lang.IllegalStateException: The driver executable does not exist: C:\Users\Preto\Desktop\ObrasPublicas\chromedrivers\chromedrivermac
      	at com.google.common.base.Preconditions.checkState(Preconditions.java:177)
      	at org.openqa.selenium.remote.service.DriverService.checkExecutable(DriverService.java:117)
      	at org.openqa.selenium.remote.service.DriverService.findExecutable(DriverService.java:112)
      	at org.openqa.selenium.chrome.ChromeDriverService.createDefaultService(ChromeDriverService.java:75)
      	at org.openqa.selenium.chrome.ChromeDriver.<init>(ChromeDriver.java:107)
      	at script14785756140251314453061$_run_closure1.doCall(script14785756140251314453061.groovy:8)
      	at script14785756140251314453061$_run_closure1.doCall(script14785756140251314453061.groovy)
      	at geb.driver.CallbackDriverFactory.getDriver(CallbackDriverFactory.groovy:29)
      	at geb.driver.CachingDriverFactory$_getDriver_closure3.doCall(CachingDriverFactory.groovy:80)
      	at geb.driver.CachingDriverFactory$_getDriver_closure3.doCall(CachingDriverFactory.groovy)
      	at geb.driver.CachingDriverFactory$SimpleCache.get(CachingDriverFactory.groovy:30)
      	at geb.driver.CachingDriverFactory.getDriver(CachingDriverFactory.groovy:79)
      	at geb.Configuration.createDriver(Configuration.groovy:354)
      	at geb.Configuration.getDriver(Configuration.groovy:343)
      	at geb.Browser.getDriver(Browser.groovy:105)
      	at geb.Browser.go(Browser.groovy:394)
      	at geb.Browser$go$3.call(Unknown Source)
      	at geb.Page.to(Page.groovy:184)
      	at geb.Browser.via(Browser.groovy:475)
      	at geb.Browser$via$2.callCurrent(Unknown Source)
      	at geb.Browser.to(Browser.groovy:434)
      	at geb.Browser$to$1.callCurrent(Unknown Source)
      	at geb.Browser.to(Browser.groovy:412)
      	at geb.binding.BindingUpdater$InvocationForwarding.doCall(BindingUpdater.groovy:72)
      	at ObraSteps$_run_closure12.doCall(ObraSteps.groovy:118)
      	at cucumber.runtime.groovy.GroovyBackend.invoke(GroovyBackend.java:155)
      	at cucumber.runtime.groovy.GroovyStepDefinition$1.call(GroovyStepDefinition.java:71)
      	at cucumber.runtime.Timeout.timeout(Timeout.java:13)
      	at cucumber.runtime.groovy.GroovyStepDefinition.execute(GroovyStepDefinition.java:68)
      	at cucumber.runtime.StepDefinitionMatch.runStep(StepDefinitionMatch.java:37)
      	at cucumber.runtime.Runtime.runStep(Runtime.java:298)
      	at cucumber.runtime.model.StepContainer.runStep(StepContainer.java:44)
      	at cucumber.runtime.model.StepContainer.runSteps(StepContainer.java:39)
      	at cucumber.runtime.model.CucumberScenario.run(CucumberScenario.java:48)
      	at cucumber.runtime.model.CucumberFeature.run(CucumberFeature.java:163)
      	at cucumber.runtime.model.CucumberFeature$run$0.call(Unknown Source)
      	at grails.plugin.cucumber.Cucumber$_run_closure2.doCall(Cucumber.groovy:59)
      	at grails.plugin.cucumber.Cucumber.run(Cucumber.groovy:58)
      	at grails.plugin.cucumber.Cucumber$run$1.call(Unknown Source)
      	at grails.plugin.cucumber.CucumberTestType.runFeatures(CucumberTestType.groovy:148)
      	at grails.plugin.cucumber.CucumberTestType.this$3$runFeatures(CucumberTestType.groovy)
      	at grails.plugin.cucumber.CucumberTestType$this$3$runFeatures$3.callCurrent(Unknown Source)
      	at grails.plugin.cucumber.CucumberTestType.doRun(CucumberTestType.groovy:58)
      	at _GrailsTest$_run_closure1.doCall(_GrailsTest.groovy:102)
      	at org.codehaus.gant.GantMetaClass.invokeMethod(GantMetaClass.java:133)
      	at org.codehaus.gant.GantBinding$_initializeGantBinding_closure5_closure16_closure18.doCall(GantBinding.groovy:185)
      	at org.codehaus.gant.GantBinding$_initializeGantBinding_closure5_closure16_closure18.doCall(GantBinding.groovy)
      	at org.codehaus.gant.GantBinding.withTargetEvent(GantBinding.groovy:90)
      	at org.codehaus.gant.GantBinding.this$4$withTargetEvent(GantBinding.groovy)
      	at org.codehaus.gant.GantBinding$_initializeGantBinding_closure5_closure16.doCall(GantBinding.groovy:185)
      	at org.codehaus.gant.GantBinding$_initializeGantBinding_closure5_closure16.doCall(GantBinding.groovy)
      	at org.codehaus.gant.GantMetaClass.invokeMethod(GantMetaClass.java:133)
      	at TestApp$_run_closure1.doCall(TestApp.groovy:32)
      	at org.codehaus.gant.GantMetaClass.invokeMethod(GantMetaClass.java:133)
      	at org.codehaus.gant.GantBinding$_initializeGantBinding_closure5_closure16_closure18.doCall(GantBinding.groovy:185)
      	at org.codehaus.gant.GantBinding$_initializeGantBinding_closure5_closure16_closure18.doCall(GantBinding.groovy)
      	at org.codehaus.gant.GantBinding.withTargetEvent(GantBinding.groovy:90)
      	at org.codehaus.gant.GantBinding.this$4$withTargetEvent(GantBinding.groovy)
      	at org.codehaus.gant.GantBinding$_initializeGantBinding_closure5_closure16.doCall(GantBinding.groovy:185)
      	at org.codehaus.gant.GantBinding$_initializeGantBinding_closure5_closure16.doCall(GantBinding.groovy)
      	at gant.Gant$_dispatch_closure5.doCall(Gant.groovy:381)
      	at gant.Gant$_dispatch_closure7.doCall(Gant.groovy:415)
      	at gant.Gant$_dispatch_closure7.doCall(Gant.groovy)
      	at gant.Gant.withBuildListeners(Gant.groovy:427)
      	at gant.Gant.this$2$withBuildListeners(Gant.groovy)
      	at gant.Gant$this$2$withBuildListeners$0.callCurrent(Unknown Source)
      	at gant.Gant.dispatch(Gant.groovy:415)
      	at gant.Gant.this$2$dispatch(Gant.groovy)
      	at gant.Gant.invokeMethod(Gant.groovy)
      	at gant.Gant.executeTargets(Gant.groovy:591)
      	at gant.Gant.executeTargets(Gant.groovy:590)

    When o usuario seleciona a obra "Praca do arsenal"                                                 # ObraSteps.groovy:122
    Then o sistema exibe os detalhes da obra "Praca do arsenal"                                        # ObraSteps.groovy:129
]]></system-out>

      <system-err><![CDATA[
--Output from Adicionar obra nao existente--
--Output from Buscar percentual de obras atrasadas--
--Output from Buscar percentual de obras com orcamento estourado--
--Output from Adicionar obra existente--
--Output from Atualizar obra--
--Output from Remover obra existente--
--Output from Verificar status andamento obra--
--Output from Adicionar obra com data de termino anterior a data de início--
--Output from Adicionar obra com data de termino anterior a data corrente--
--Output from Atualizar nome de obra com nome já existente--
--Output from Adicionar obra de um politico inexistente--
--Output from Devolver a taxa de obras atrasadas de um determinado político--
--Output from Devolver a taxa de obras com orçamentos estourados de um determinado político--
--Output from Visualizar obra--]]></system-err>

  </testsuite>
  <testsuite errors="1" failures="0" hostname="DESKTOP-1N37P4B" id="2" name="Políticos" package="" tests="5" time="0.932" timestamp="2016-11-08T03:26:54">
      <properties />

      <testcase classname="grails.plugin.cucumber.CucumberTest" name="Adicionar politico nao existente" time="0.168" />

      <testcase classname="grails.plugin.cucumber.CucumberTest" name="Adicionar politico existente" time="0.159" />

      <testcase classname="grails.plugin.cucumber.CucumberTest" name="Atualizar o id de um politico" time="0.15" />

      <testcase classname="grails.plugin.cucumber.CucumberTest" name="Remover político existente" time="0.243" />

      <testcase classname="grails.plugin.cucumber.CucumberTest" name="Visualizar político" time="0.065">
          <error message="failed to create driver from callback &apos;script14785756151041314453061$_run_closure1@3e44fca7&apos;" type="geb.driver.DriverCreationException">geb.driver.DriverCreationException: failed to create driver from callback &apos;script14785756151041314453061$_run_closure1@3e44fca7&apos;
	at geb.driver.CallbackDriverFactory.getDriver(CallbackDriverFactory.groovy:35)
	at geb.driver.CachingDriverFactory$_getDriver_closure3.doCall(CachingDriverFactory.groovy:80)
	at geb.driver.CachingDriverFactory$SimpleCache.get(CachingDriverFactory.groovy:30)
	at geb.driver.CachingDriverFactory.getDriver(CachingDriverFactory.groovy:79)
	at geb.Configuration.createDriver(Configuration.groovy:354)
	at geb.Configuration.getDriver(Configuration.groovy:343)
	at geb.Browser.getDriver(Browser.groovy:105)
	at geb.Browser.go(Browser.groovy:394)
	at geb.Page.to(Page.groovy:184)
	at geb.Browser.via(Browser.groovy:475)
	at geb.Browser.to(Browser.groovy:434)
	at geb.Browser.to(Browser.groovy:412)
	at geb.binding.BindingUpdater$InvocationForwarding.doCall(BindingUpdater.groovy:72)
	at PoliticoSteps$_run_closure11.doCall(PoliticoSteps.groovy:103)
	at ✽.Given que o usuario esta no menu de político e quer visualizar os detalhes do político com o cpf &quot;98765432109&quot;(Politico.feature:29)
Caused by: java.lang.IllegalStateException: The driver executable does not exist: C:\Users\Preto\Desktop\ObrasPublicas\chromedrivers\chromedrivermac
	at com.google.common.base.Preconditions.checkState(Preconditions.java:177)
	at org.openqa.selenium.remote.service.DriverService.checkExecutable(DriverService.java:117)
	at org.openqa.selenium.remote.service.DriverService.findExecutable(DriverService.java:112)
	at org.openqa.selenium.chrome.ChromeDriverService.createDefaultService(ChromeDriverService.java:75)
	at org.openqa.selenium.chrome.ChromeDriver.&lt;init&gt;(ChromeDriver.java:107)
	at script14785756151041314453061$_run_closure1.doCall(script14785756151041314453061.groovy:8)
	at geb.driver.CallbackDriverFactory.getDriver(CallbackDriverFactory.groovy:29)
	at geb.driver.CachingDriverFactory$_getDriver_closure3.doCall(CachingDriverFactory.groovy:80)
	at geb.driver.CachingDriverFactory$SimpleCache.get(CachingDriverFactory.groovy:30)
	at geb.driver.CachingDriverFactory.getDriver(CachingDriverFactory.groovy:79)
	at geb.Configuration.createDriver(Configuration.groovy:354)
	at geb.Configuration.getDriver(Configuration.groovy:343)
	at geb.Browser.getDriver(Browser.groovy:105)
	at geb.Browser.go(Browser.groovy:394)
	at geb.Page.to(Page.groovy:184)
	at geb.Browser.via(Browser.groovy:475)
	at geb.Browser.to(Browser.groovy:434)
	at geb.Browser.to(Browser.groovy:412)
	at geb.binding.BindingUpdater$InvocationForwarding.doCall(BindingUpdater.groovy:72)
	at PoliticoSteps$_run_closure11.doCall(PoliticoSteps.groovy:103)
	at cucumber.runtime.groovy.GroovyBackend.invoke(GroovyBackend.java:155)
	at cucumber.runtime.groovy.GroovyStepDefinition$1.call(GroovyStepDefinition.java:71)
	at cucumber.runtime.Timeout.timeout(Timeout.java:13)
	at cucumber.runtime.groovy.GroovyStepDefinition.execute(GroovyStepDefinition.java:68)
	at cucumber.runtime.StepDefinitionMatch.runStep(StepDefinitionMatch.java:37)
	at cucumber.runtime.Runtime.runStep(Runtime.java:298)
	at cucumber.runtime.model.StepContainer.runStep(StepContainer.java:44)
	at cucumber.runtime.model.StepContainer.runSteps(StepContainer.java:39)
	at cucumber.runtime.model.CucumberScenario.run(CucumberScenario.java:48)
	at cucumber.runtime.model.CucumberFeature.run(CucumberFeature.java:163)
	at grails.plugin.cucumber.Cucumber$_run_closure2.doCall(Cucumber.groovy:59)
	at grails.plugin.cucumber.Cucumber.run(Cucumber.groovy:58)
	at grails.plugin.cucumber.CucumberTestType.runFeatures(CucumberTestType.groovy:148)
	at grails.plugin.cucumber.CucumberTestType.doRun(CucumberTestType.groovy:58)
	at _GrailsTest$_run_closure1.doCall(_GrailsTest.groovy:102)
	at TestApp$_run_closure1.doCall(TestApp.groovy:32)
</error>

      </testcase>

      <system-out><![CDATA[Feature: Políticos
  As a usuário do sistema
  I want to adicionar, remover, modificar e visualizar políticos no sistema
  So That eu posso gerar páginas web para exibir informações sobre o político

--Output from Adicionar politico nao existente--
--Output from Adicionar politico existente--
  #CONTROLLER
  Scenario: Adicionar politico nao existente                      # Politico.feature:7
    Given que o sistema nao tem um politico com CPF "01234567891" # PoliticoSteps.groovy:16
    When eu tentar cadastrar um politico com CPF "01234567891"    # PoliticoSteps.groovy:22
    Then o sistema ira cadastrar o politico de CPF "01234567891"  # PoliticoSteps.groovy:27

--Output from Atualizar o id de um politico--
  Scenario: Adicionar politico existente                             # Politico.feature:12
    Given que o sistema tem um politico de CPF "98765432109"         # PoliticoSteps.groovy:78
    Then o sistema nao ira cadastrar o politico de CPF "98765432109" # PoliticoSteps.groovy:85

--Output from Remover político existente--
  Scenario: Atualizar o id de um politico                             # Politico.feature:16
    Given o politico com CPF "01234567891” esta armazenado no sistema # PoliticoSteps.groovy:37
    When eu tentar atualizar o id do politico de CPF "01234567891”    # PoliticoSteps.groovy:44
    Then o politico de CPF "01234567891" tera seu id atualizado       # PoliticoSteps.groovy:50

--Output from Visualizar político--
  Scenario: Remover político existente                                # Politico.feature:21
    Given o politico com CPF "01234567891” esta armazenado no sistema # PoliticoSteps.groovy:37
    When eu tentar remover o politico de CPF “01234567891”            # PoliticoSteps.groovy:61
    Then o politico de CPF “01234567891” sera removido                # PoliticoSteps.groovy:68

  #GUI
  Scenario: Visualizar político                                                                                    # Politico.feature:28
    Given que o usuario esta no menu de político e quer visualizar os detalhes do político com o cpf "98765432109" # PoliticoSteps.groovy:100
      geb.driver.DriverCreationException: failed to create driver from callback 'script14785756151041314453061$_run_closure1@3e44fca7'
      	at geb.driver.CallbackDriverFactory.getDriver(CallbackDriverFactory.groovy:35)
      	at geb.driver.CachingDriverFactory$_getDriver_closure3.doCall(CachingDriverFactory.groovy:80)
      	at geb.driver.CachingDriverFactory$_getDriver_closure3.doCall(CachingDriverFactory.groovy)
      	at geb.driver.CachingDriverFactory$SimpleCache.get(CachingDriverFactory.groovy:30)
      	at geb.driver.CachingDriverFactory.getDriver(CachingDriverFactory.groovy:79)
      	at geb.Configuration.createDriver(Configuration.groovy:354)
      	at geb.Configuration.getDriver(Configuration.groovy:343)
      	at geb.Browser.getDriver(Browser.groovy:105)
      	at geb.Browser.go(Browser.groovy:394)
      	at geb.Browser$go$3.call(Unknown Source)
      	at geb.Page.to(Page.groovy:184)
      	at geb.Browser.via(Browser.groovy:475)
      	at geb.Browser$via$2.callCurrent(Unknown Source)
      	at geb.Browser.to(Browser.groovy:434)
      	at geb.Browser$to$1.callCurrent(Unknown Source)
      	at geb.Browser.to(Browser.groovy:412)
      	at geb.binding.BindingUpdater$InvocationForwarding.doCall(BindingUpdater.groovy:72)
      	at PoliticoSteps$_run_closure11.doCall(PoliticoSteps.groovy:103)
      	at ✽.Given que o usuario esta no menu de político e quer visualizar os detalhes do político com o cpf "98765432109"(Politico.feature:29)
      Caused by: java.lang.IllegalStateException: The driver executable does not exist: C:\Users\Preto\Desktop\ObrasPublicas\chromedrivers\chromedrivermac
      	at com.google.common.base.Preconditions.checkState(Preconditions.java:177)
      	at org.openqa.selenium.remote.service.DriverService.checkExecutable(DriverService.java:117)
      	at org.openqa.selenium.remote.service.DriverService.findExecutable(DriverService.java:112)
      	at org.openqa.selenium.chrome.ChromeDriverService.createDefaultService(ChromeDriverService.java:75)
      	at org.openqa.selenium.chrome.ChromeDriver.<init>(ChromeDriver.java:107)
      	at script14785756151041314453061$_run_closure1.doCall(script14785756151041314453061.groovy:8)
      	at script14785756151041314453061$_run_closure1.doCall(script14785756151041314453061.groovy)
      	at geb.driver.CallbackDriverFactory.getDriver(CallbackDriverFactory.groovy:29)
      	at geb.driver.CachingDriverFactory$_getDriver_closure3.doCall(CachingDriverFactory.groovy:80)
      	at geb.driver.CachingDriverFactory$_getDriver_closure3.doCall(CachingDriverFactory.groovy)
      	at geb.driver.CachingDriverFactory$SimpleCache.get(CachingDriverFactory.groovy:30)
      	at geb.driver.CachingDriverFactory.getDriver(CachingDriverFactory.groovy:79)
      	at geb.Configuration.createDriver(Configuration.groovy:354)
      	at geb.Configuration.getDriver(Configuration.groovy:343)
      	at geb.Browser.getDriver(Browser.groovy:105)
      	at geb.Browser.go(Browser.groovy:394)
      	at geb.Browser$go$3.call(Unknown Source)
      	at geb.Page.to(Page.groovy:184)
      	at geb.Browser.via(Browser.groovy:475)
      	at geb.Browser$via$2.callCurrent(Unknown Source)
      	at geb.Browser.to(Browser.groovy:434)
      	at geb.Browser$to$1.callCurrent(Unknown Source)
      	at geb.Browser.to(Browser.groovy:412)
      	at geb.binding.BindingUpdater$InvocationForwarding.doCall(BindingUpdater.groovy:72)
      	at PoliticoSteps$_run_closure11.doCall(PoliticoSteps.groovy:103)
      	at cucumber.runtime.groovy.GroovyBackend.invoke(GroovyBackend.java:155)
      	at cucumber.runtime.groovy.GroovyStepDefinition$1.call(GroovyStepDefinition.java:71)
      	at cucumber.runtime.Timeout.timeout(Timeout.java:13)
      	at cucumber.runtime.groovy.GroovyStepDefinition.execute(GroovyStepDefinition.java:68)
      	at cucumber.runtime.StepDefinitionMatch.runStep(StepDefinitionMatch.java:37)
      	at cucumber.runtime.Runtime.runStep(Runtime.java:298)
      	at cucumber.runtime.model.StepContainer.runStep(StepContainer.java:44)
      	at cucumber.runtime.model.StepContainer.runSteps(StepContainer.java:39)
      	at cucumber.runtime.model.CucumberScenario.run(CucumberScenario.java:48)
      	at cucumber.runtime.model.CucumberFeature.run(CucumberFeature.java:163)
      	at cucumber.runtime.model.CucumberFeature$run$0.call(Unknown Source)
      	at grails.plugin.cucumber.Cucumber$_run_closure2.doCall(Cucumber.groovy:59)
      	at grails.plugin.cucumber.Cucumber.run(Cucumber.groovy:58)
      	at grails.plugin.cucumber.Cucumber$run$1.call(Unknown Source)
      	at grails.plugin.cucumber.CucumberTestType.runFeatures(CucumberTestType.groovy:148)
      	at grails.plugin.cucumber.CucumberTestType.this$3$runFeatures(CucumberTestType.groovy)
      	at grails.plugin.cucumber.CucumberTestType$this$3$runFeatures$3.callCurrent(Unknown Source)
      	at grails.plugin.cucumber.CucumberTestType.doRun(CucumberTestType.groovy:58)
      	at _GrailsTest$_run_closure1.doCall(_GrailsTest.groovy:102)
      	at org.codehaus.gant.GantMetaClass.invokeMethod(GantMetaClass.java:133)
      	at org.codehaus.gant.GantBinding$_initializeGantBinding_closure5_closure16_closure18.doCall(GantBinding.groovy:185)
      	at org.codehaus.gant.GantBinding$_initializeGantBinding_closure5_closure16_closure18.doCall(GantBinding.groovy)
      	at org.codehaus.gant.GantBinding.withTargetEvent(GantBinding.groovy:90)
      	at org.codehaus.gant.GantBinding.this$4$withTargetEvent(GantBinding.groovy)
      	at org.codehaus.gant.GantBinding$_initializeGantBinding_closure5_closure16.doCall(GantBinding.groovy:185)
      	at org.codehaus.gant.GantBinding$_initializeGantBinding_closure5_closure16.doCall(GantBinding.groovy)
      	at org.codehaus.gant.GantMetaClass.invokeMethod(GantMetaClass.java:133)
      	at TestApp$_run_closure1.doCall(TestApp.groovy:32)
      	at org.codehaus.gant.GantMetaClass.invokeMethod(GantMetaClass.java:133)
      	at org.codehaus.gant.GantBinding$_initializeGantBinding_closure5_closure16_closure18.doCall(GantBinding.groovy:185)
      	at org.codehaus.gant.GantBinding$_initializeGantBinding_closure5_closure16_closure18.doCall(GantBinding.groovy)
      	at org.codehaus.gant.GantBinding.withTargetEvent(GantBinding.groovy:90)
      	at org.codehaus.gant.GantBinding.this$4$withTargetEvent(GantBinding.groovy)
      	at org.codehaus.gant.GantBinding$_initializeGantBinding_closure5_closure16.doCall(GantBinding.groovy:185)
      	at org.codehaus.gant.GantBinding$_initializeGantBinding_closure5_closure16.doCall(GantBinding.groovy)
      	at gant.Gant$_dispatch_closure5.doCall(Gant.groovy:381)
      	at gant.Gant$_dispatch_closure7.doCall(Gant.groovy:415)
      	at gant.Gant$_dispatch_closure7.doCall(Gant.groovy)
      	at gant.Gant.withBuildListeners(Gant.groovy:427)
      	at gant.Gant.this$2$withBuildListeners(Gant.groovy)
      	at gant.Gant$this$2$withBuildListeners$0.callCurrent(Unknown Source)
      	at gant.Gant.dispatch(Gant.groovy:415)
      	at gant.Gant.this$2$dispatch(Gant.groovy)
      	at gant.Gant.invokeMethod(Gant.groovy)
      	at gant.Gant.executeTargets(Gant.groovy:591)
      	at gant.Gant.executeTargets(Gant.groovy:590)

    When o usuario seleciona o político com o cpf "98765432109"                                                    # PoliticoSteps.groovy:107
    Then o sistema exibe os detalhes do político com o cpf "98765432109"                                           # PoliticoSteps.groovy:114
]]></system-out>

      <system-err><![CDATA[
--Output from Adicionar politico nao existente--
--Output from Adicionar politico existente--
--Output from Atualizar o id de um politico--
--Output from Remover político existente--
--Output from Visualizar político--]]></system-err>

  </testsuite>
</testsuites>
